Started GET "/" for 127.0.0.1 at 2018-06-20 15:03:52 +0700
Processing by Rails::WelcomeController#index as HTML
  Rendering C:/RailsInstaller/Ruby2.3.3/lib/ruby/gems/2.3.0/gems/railties-5.1.6/lib/rails/templates/rails/welcome/index.html.erb
  Rendered C:/RailsInstaller/Ruby2.3.3/lib/ruby/gems/2.3.0/gems/railties-5.1.6/lib/rails/templates/rails/welcome/index.html.erb (5.0ms)
Completed 200 OK in 528ms (Views: 69.6ms)


Started GET "/" for 127.0.0.1 at 2018-06-20 15:10:50 +0700
Processing by PostsController#index as HTML
  Rendering posts/index.html.erb within layouts/application
  Rendered posts/index.html.erb within layouts/application (0.5ms)
Completed 200 OK in 1521ms (Views: 1496.2ms)


Started GET "/" for 127.0.0.1 at 2018-06-20 15:12:38 +0700
  
SyntaxError (C:/Sites/simpleblog/config/routes.rb:5: syntax error, unexpected ->, expecting keyword_end
  get 'about' -> 'pages#about'
                ^):
  
config/routes.rb:5: syntax error, unexpected ->, expecting keyword_end
Started GET "/" for 127.0.0.1 at 2018-06-20 15:12:51 +0700
  
ActionController::RoutingError (No route matches [GET] "/"):
  
actionpack (5.1.6) lib/action_dispatch/middleware/debug_exceptions.rb:63:in `call'
web-console (3.6.2) lib/web_console/middleware.rb:135:in `call_app'
web-console (3.6.2) lib/web_console/middleware.rb:30:in `block in call'
web-console (3.6.2) lib/web_console/middleware.rb:20:in `catch'
web-console (3.6.2) lib/web_console/middleware.rb:20:in `call'
actionpack (5.1.6) lib/action_dispatch/middleware/show_exceptions.rb:31:in `call'
railties (5.1.6) lib/rails/rack/logger.rb:36:in `call_app'
railties (5.1.6) lib/rails/rack/logger.rb:24:in `block in call'
activesupport (5.1.6) lib/active_support/tagged_logging.rb:69:in `block in tagged'
activesupport (5.1.6) lib/active_support/tagged_logging.rb:26:in `tagged'
activesupport (5.1.6) lib/active_support/tagged_logging.rb:69:in `tagged'
railties (5.1.6) lib/rails/rack/logger.rb:24:in `call'
sprockets-rails (3.2.1) lib/sprockets/rails/quiet_assets.rb:13:in `call'
actionpack (5.1.6) lib/action_dispatch/middleware/remote_ip.rb:79:in `call'
actionpack (5.1.6) lib/action_dispatch/middleware/request_id.rb:25:in `call'
rack (2.0.5) lib/rack/method_override.rb:22:in `call'
rack (2.0.5) lib/rack/runtime.rb:22:in `call'
activesupport (5.1.6) lib/active_support/cache/strategy/local_cache_middleware.rb:27:in `call'
actionpack (5.1.6) lib/action_dispatch/middleware/executor.rb:12:in `call'
actionpack (5.1.6) lib/action_dispatch/middleware/static.rb:125:in `call'
rack (2.0.5) lib/rack/sendfile.rb:111:in `call'
railties (5.1.6) lib/rails/engine.rb:522:in `call'
puma (3.11.4) lib/puma/configuration.rb:225:in `call'
puma (3.11.4) lib/puma/server.rb:632:in `handle_request'
puma (3.11.4) lib/puma/server.rb:446:in `process_client'
puma (3.11.4) lib/puma/server.rb:306:in `block in run'
puma (3.11.4) lib/puma/thread_pool.rb:120:in `block in spawn_thread'
Started GET "/" for 127.0.0.1 at 2018-06-20 15:13:04 +0700
Processing by PostsController#index as HTML
  Rendering posts/index.html.erb within layouts/application
  Rendered posts/index.html.erb within layouts/application (0.0ms)
Completed 200 OK in 293ms (Views: 269.4ms)


Started GET "/about" for 127.0.0.1 at 2018-06-20 15:13:15 +0700
Processing by PagesController#about as HTML
  Rendering pages/about.html.erb within layouts/application
  Rendered pages/about.html.erb within layouts/application (0.0ms)
Completed 200 OK in 144ms (Views: 119.8ms)


Started GET "/about" for 127.0.0.1 at 2018-06-20 15:14:08 +0700
Processing by PagesController#about as HTML
  Rendering pages/about.html.erb within layouts/application
  Rendered pages/about.html.erb within layouts/application (0.5ms)
Completed 200 OK in 162ms (Views: 136.0ms)


Started GET "/about" for 127.0.0.1 at 2018-06-20 15:14:46 +0700
Processing by PagesController#about as HTML
  Rendering pages/about.html.erb within layouts/application
  Rendered pages/about.html.erb within layouts/application (0.5ms)
Completed 200 OK in 140ms (Views: 114.2ms)


Started GET "/posts/new" for 127.0.0.1 at 2018-06-20 15:17:53 +0700
Processing by PostsController#new as HTML
  Rendering posts/new.html.erb within layouts/application
  Rendered posts/new.html.erb within layouts/application (0.5ms)
Completed 200 OK in 145ms (Views: 120.6ms)


Started GET "/posts/new" for 127.0.0.1 at 2018-06-20 15:20:09 +0700
Processing by PostsController#new as HTML
  Rendering posts/new.html.erb within layouts/application
  Rendered posts/new.html.erb within layouts/application (20.6ms)
Completed 200 OK in 169ms (Views: 144.8ms)


Started GET "/posts/new" for 127.0.0.1 at 2018-06-20 15:21:10 +0700
  
SyntaxError (C:/Sites/simpleblog/app/controllers/posts_controller.rb:13: syntax error, unexpected end-of-input, expecting keyword_end):
  
app/controllers/posts_controller.rb:13: syntax error, unexpected end-of-input, expecting keyword_end
Started POST "/posts/new" for 127.0.0.1 at 2018-06-20 15:21:16 +0700
  
ActionController::RoutingError (No route matches [POST] "/posts/new"):
  
actionpack (5.1.6) lib/action_dispatch/middleware/debug_exceptions.rb:63:in `call'
web-console (3.6.2) lib/web_console/middleware.rb:135:in `call_app'
web-console (3.6.2) lib/web_console/middleware.rb:30:in `block in call'
web-console (3.6.2) lib/web_console/middleware.rb:20:in `catch'
web-console (3.6.2) lib/web_console/middleware.rb:20:in `call'
actionpack (5.1.6) lib/action_dispatch/middleware/show_exceptions.rb:31:in `call'
railties (5.1.6) lib/rails/rack/logger.rb:36:in `call_app'
railties (5.1.6) lib/rails/rack/logger.rb:24:in `block in call'
activesupport (5.1.6) lib/active_support/tagged_logging.rb:69:in `block in tagged'
activesupport (5.1.6) lib/active_support/tagged_logging.rb:26:in `tagged'
activesupport (5.1.6) lib/active_support/tagged_logging.rb:69:in `tagged'
railties (5.1.6) lib/rails/rack/logger.rb:24:in `call'
sprockets-rails (3.2.1) lib/sprockets/rails/quiet_assets.rb:13:in `call'
actionpack (5.1.6) lib/action_dispatch/middleware/remote_ip.rb:79:in `call'
actionpack (5.1.6) lib/action_dispatch/middleware/request_id.rb:25:in `call'
rack (2.0.5) lib/rack/method_override.rb:22:in `call'
rack (2.0.5) lib/rack/runtime.rb:22:in `call'
activesupport (5.1.6) lib/active_support/cache/strategy/local_cache_middleware.rb:27:in `call'
actionpack (5.1.6) lib/action_dispatch/middleware/executor.rb:12:in `call'
actionpack (5.1.6) lib/action_dispatch/middleware/static.rb:125:in `call'
rack (2.0.5) lib/rack/sendfile.rb:111:in `call'
railties (5.1.6) lib/rails/engine.rb:522:in `call'
puma (3.11.4) lib/puma/configuration.rb:225:in `call'
puma (3.11.4) lib/puma/server.rb:632:in `handle_request'
puma (3.11.4) lib/puma/server.rb:446:in `process_client'
puma (3.11.4) lib/puma/server.rb:306:in `block in run'
puma (3.11.4) lib/puma/thread_pool.rb:120:in `block in spawn_thread'
Started POST "/posts/new" for 127.0.0.1 at 2018-06-20 15:22:12 +0700
  
ActionController::RoutingError (No route matches [POST] "/posts/new"):
  
actionpack (5.1.6) lib/action_dispatch/middleware/debug_exceptions.rb:63:in `call'
web-console (3.6.2) lib/web_console/middleware.rb:135:in `call_app'
web-console (3.6.2) lib/web_console/middleware.rb:30:in `block in call'
web-console (3.6.2) lib/web_console/middleware.rb:20:in `catch'
web-console (3.6.2) lib/web_console/middleware.rb:20:in `call'
actionpack (5.1.6) lib/action_dispatch/middleware/show_exceptions.rb:31:in `call'
railties (5.1.6) lib/rails/rack/logger.rb:36:in `call_app'
railties (5.1.6) lib/rails/rack/logger.rb:24:in `block in call'
activesupport (5.1.6) lib/active_support/tagged_logging.rb:69:in `block in tagged'
activesupport (5.1.6) lib/active_support/tagged_logging.rb:26:in `tagged'
activesupport (5.1.6) lib/active_support/tagged_logging.rb:69:in `tagged'
railties (5.1.6) lib/rails/rack/logger.rb:24:in `call'
sprockets-rails (3.2.1) lib/sprockets/rails/quiet_assets.rb:13:in `call'
actionpack (5.1.6) lib/action_dispatch/middleware/remote_ip.rb:79:in `call'
actionpack (5.1.6) lib/action_dispatch/middleware/request_id.rb:25:in `call'
rack (2.0.5) lib/rack/method_override.rb:22:in `call'
rack (2.0.5) lib/rack/runtime.rb:22:in `call'
activesupport (5.1.6) lib/active_support/cache/strategy/local_cache_middleware.rb:27:in `call'
actionpack (5.1.6) lib/action_dispatch/middleware/executor.rb:12:in `call'
actionpack (5.1.6) lib/action_dispatch/middleware/static.rb:125:in `call'
rack (2.0.5) lib/rack/sendfile.rb:111:in `call'
railties (5.1.6) lib/rails/engine.rb:522:in `call'
puma (3.11.4) lib/puma/configuration.rb:225:in `call'
puma (3.11.4) lib/puma/server.rb:632:in `handle_request'
puma (3.11.4) lib/puma/server.rb:446:in `process_client'
puma (3.11.4) lib/puma/server.rb:306:in `block in run'
puma (3.11.4) lib/puma/thread_pool.rb:120:in `block in spawn_thread'
Started GET "/posts" for 127.0.0.1 at 2018-06-20 15:22:24 +0700
  
SyntaxError (C:/Sites/simpleblog/app/controllers/posts_controller.rb:13: syntax error, unexpected end-of-input, expecting keyword_end):
  
app/controllers/posts_controller.rb:13: syntax error, unexpected end-of-input, expecting keyword_end
Started GET "/" for 127.0.0.1 at 2018-06-20 15:22:36 +0700
  
SyntaxError (C:/Sites/simpleblog/app/controllers/posts_controller.rb:13: syntax error, unexpected end-of-input, expecting keyword_end):
  
app/controllers/posts_controller.rb:13: syntax error, unexpected end-of-input, expecting keyword_end
Started GET "/posts" for 127.0.0.1 at 2018-06-20 15:23:26 +0700
  
SyntaxError (C:/Sites/simpleblog/app/controllers/posts_controller.rb:13: syntax error, unexpected end-of-input, expecting keyword_end):
  
app/controllers/posts_controller.rb:13: syntax error, unexpected end-of-input, expecting keyword_end
Started GET "/posts" for 127.0.0.1 at 2018-06-20 15:24:26 +0700
  
SyntaxError (C:/Sites/simpleblog/app/controllers/posts_controller.rb:13: syntax error, unexpected end-of-input, expecting keyword_end):
  
app/controllers/posts_controller.rb:13: syntax error, unexpected end-of-input, expecting keyword_end
Started GET "/posts" for 127.0.0.1 at 2018-06-20 15:25:00 +0700
Processing by PostsController#index as HTML
  Rendering posts/index.html.erb within layouts/application
  Rendered posts/index.html.erb within layouts/application (0.5ms)
Completed 200 OK in 157ms (Views: 132.4ms)


Started GET "/posts/new" for 127.0.0.1 at 2018-06-20 15:25:05 +0700
Processing by PostsController#new as HTML
  Rendering posts/new.html.erb within layouts/application
  Rendered posts/new.html.erb within layouts/application (2.0ms)
Completed 200 OK in 161ms (Views: 137.1ms)


Started POST "/posts" for 127.0.0.1 at 2018-06-20 15:25:08 +0700
Processing by PostsController#create as HTML
  Parameters: {"utf8"=>"✓", "authenticity_token"=>"AnNU0ORCarczqT3S3byzW4bi6vTFHBuJOKzfvKcK6XwBKBaXxqGBtlcbz2aAxfcG9CAAY8G2hVETmYRzMHtKuA==", "post"=>{"title"=>"123", "body"=>"123"}, "commit"=>"Save Post"}
  Rendering text template
  Rendered text template (0.0ms)
Completed 200 OK in 4ms (Views: 2.7ms)


